User belongs to experiment group 'ShowPlayIcon - start'
User belongs to experiment group 'ShowExtensionSurveyPrompt - control'
User belongs to experiment group 'DebugAdapterFactory - experiment'
User belongs to experiment group 'PtvsdWheels37 - experiment'
User belongs to experiment group 'UseTerminalToGetActivatedEnvVars - control'
User belongs to experiment group 'LocalZMQKernel - experiment'
User belongs to experiment group 'CollectLSRequestTiming - control'
User belongs to experiment group 'CollectNodeLSRequestTiming - experiment'
User belongs to experiment group 'EnableIPyWidgets - experiment'
User belongs to experiment group 'RunByLine - experiment'
User belongs to experiment group 'CustomEditorSupport - control'
User belongs to experiment group 'pythonaacf'
User belongs to experiment group 'pythonSendEntireLineToREPL'
User belongs to experiment group 'pythonNotDisplayLinterPrompt'
> conda --version
> pyenv root
> python3.7 ~/.vscode-oss/extensions/ms-python.python-2020.10.332292344/pythonFiles/pyvsc-run-isolated.py -c "import sys;print(sys.executable)"
> python3.6 ~/.vscode-oss/extensions/ms-python.python-2020.10.332292344/pythonFiles/pyvsc-run-isolated.py -c "import sys;print(sys.executable)"
> python3 ~/.vscode-oss/extensions/ms-python.python-2020.10.332292344/pythonFiles/pyvsc-run-isolated.py -c "import sys;print(sys.executable)"
> python2 ~/.vscode-oss/extensions/ms-python.python-2020.10.332292344/pythonFiles/pyvsc-run-isolated.py -c "import sys;print(sys.executable)"
> python ~/.vscode-oss/extensions/ms-python.python-2020.10.332292344/pythonFiles/pyvsc-run-isolated.py -c "import sys;print(sys.executable)"
> python ~/.vscode-oss/extensions/ms-python.python-2020.10.332292344/pythonFiles/pyvsc-run-isolated.py -c "import sys;print(sys.executable)"
> conda info --json
> python ~/.vscode-oss/extensions/ms-python.python-2020.10.332292344/pythonFiles/pyvsc-run-isolated.py -c "import sys;print(sys.executable)"
> python ~/.vscode-oss/extensions/ms-python.python-2020.10.332292344/pythonFiles/pyvsc-run-isolated.py -c "import sys;print(sys.executable)"
Error 2021-01-07 23:08:57: Failed to check if file needs to be fixed [EntryNotFound (FileSystemError): Unable to read file '/home/jochimin/.config/Code/User/settings.json' (EntryNotFound (FileSystemError): Error: ENOENT: no such file or directory, open '/home/jochimin/.config/Code/User/settings.json')
	at _handleError (/usr/share/vscodium-bin/resources/app/out/vs/workbench/services/extensions/node/extensionHostProcess.js:745:473)
	at processTicksAndRejections (internal/process/task_queues.js:94:5)
	at async y.readText (/home/jochimin/.vscode-oss/extensions/ms-python.python-2020.10.332292344/out/client/extension.js:9:168994)
	at async p.doesFileNeedToBeFixed (/home/jochimin/.vscode-oss/extensions/ms-python.python-2020.10.332292344/out/client/extension.js:56:963651)
	at async /home/jochimin/.vscode-oss/extensions/ms-python.python-2020.10.332292344/out/client/extension.js:56:962778
	at async Promise.all (index 0)
	at async p.getFilesToBeFixed (/home/jochimin/.vscode-oss/extensions/ms-python.python-2020.10.332292344/out/client/extension.js:56:962724)
	at async p.updateTestSettings (/home/jochimin/.vscode-oss/extensions/ms-python.python-2020.10.332292344/out/client/extension.js:56:962351)] {
  code: 'FileNotFound',
  name: 'EntryNotFound (FileSystemError)'
}
Error 2021-01-07 23:08:57: Failed to check if file needs to be fixed [EntryNotFound (FileSystemError): Unable to read file '/home/jochimin/Documents/projects/helloworld/.vscode/settings.json' (EntryNotFound (FileSystemError): Error: ENOENT: no such file or directory, open '/home/jochimin/Documents/projects/helloworld/.vscode/settings.json')
	at _handleError (/usr/share/vscodium-bin/resources/app/out/vs/workbench/services/extensions/node/extensionHostProcess.js:745:473)
	at processTicksAndRejections (internal/process/task_queues.js:94:5)
	at async y.readText (/home/jochimin/.vscode-oss/extensions/ms-python.python-2020.10.332292344/out/client/extension.js:9:168994)
	at async p.doesFileNeedToBeFixed (/home/jochimin/.vscode-oss/extensions/ms-python.python-2020.10.332292344/out/client/extension.js:56:963651)
	at async /home/jochimin/.vscode-oss/extensions/ms-python.python-2020.10.332292344/out/client/extension.js:56:962778
	at async Promise.all (index 1)
	at async p.getFilesToBeFixed (/home/jochimin/.vscode-oss/extensions/ms-python.python-2020.10.332292344/out/client/extension.js:56:962724)
	at async p.updateTestSettings (/home/jochimin/.vscode-oss/extensions/ms-python.python-2020.10.332292344/out/client/extension.js:56:962351)] {
  code: 'FileNotFound',
  name: 'EntryNotFound (FileSystemError)'
}
Starting Jedi Python language engine.
Python interpreter path: /usr/bin/python
> ~/.local/share/virtualenvs/django-Zs2auehH/bin/python ~/.vscode-oss/extensions/ms-python.python-2020.10.332292344/pythonFiles/pyvsc-run-isolated.py -c "import jupyter"
> ~/.local/share/virtualenvs/django-Zs2auehH/bin/python ~/.vscode-oss/extensions/ms-python.python-2020.10.332292344/pythonFiles/pyvsc-run-isolated.py -c "import notebook"
> conda --version
> /usr/bin/python ~/.vscode-oss/extensions/ms-python.python-2020.10.332292344/pythonFiles/pyvsc-run-isolated.py -c "import sys;print(sys.prefix)"
cwd: ~/Documents/projects/helloworld
> /usr/bin/python ~/.vscode-oss/extensions/ms-python.python-2020.10.332292344/pythonFiles/pyvsc-run-isolated.py -c "import sys;print(sys.prefix)"
cwd: ~/Documents/projects/helloworld
> /usr/bin/python ~/.vscode-oss/extensions/ms-python.python-2020.10.332292344/pythonFiles/pyvsc-run-isolated.py -c "import sys;print(sys.executable)"
cwd: ~/Documents/projects/helloworld
> /usr/bin/python ~/.vscode-oss/extensions/ms-python.python-2020.10.332292344/pythonFiles/pyvsc-run-isolated.py -c "import sys;print(sys.executable)"
cwd: ~/Documents/projects/helloworld
> /usr/bin/python ~/.vscode-oss/extensions/ms-python.python-2020.10.332292344/pythonFiles/pyvsc-run-isolated.py -c "from distutils.sysconfig import get_python_lib; print(get_python_lib())"
cwd: ~/Documents/projects/helloworld
> /usr/bin/python ~/.vscode-oss/extensions/ms-python.python-2020.10.332292344/pythonFiles/pyvsc-run-isolated.py -c "from distutils.sysconfig import get_python_lib; print(get_python_lib())"
cwd: ~/Documents/projects/helloworld
> /usr/bin/python ~/.vscode-oss/extensions/ms-python.python-2020.10.332292344/pythonFiles/pyvsc-run-isolated.py site --user-site
cwd: ~/Documents/projects/helloworld
> /usr/bin/python ~/.vscode-oss/extensions/ms-python.python-2020.10.332292344/pythonFiles/pyvsc-run-isolated.py site --user-site
cwd: ~/Documents/projects/helloworld
> /usr/bin/python ~/.vscode-oss/extensions/ms-python.python-2020.10.332292344/pythonFiles/pyvsc-run-isolated.py ~/.vscode-oss/extensions/ms-python.python-2020.10.332292344/pythonFiles/completion.py
> /usr/bin/python ~/.vscode-oss/extensions/ms-python.python-2020.10.332292344/pythonFiles/pyvsc-run-isolated.py ~/.vscode-oss/extensions/ms-python.python-2020.10.332292344/pythonFiles/completion.py
Error 2021-01-07 23:08:57: stderr jediProxy Error (stderr) /home/jochimin/.vscode-oss/extensions/ms-python.python-2020.10.332292344/pythonFiles/completion.py:584: DeprecationWarning: Deprecated since version 0.16.0. Use Script(...).get_names instead.
  jedi.api.names(

> /usr/bin/python ~/.vscode-oss/extensions/ms-python.python-2020.10.332292344/pythonFiles/pyvsc-run-isolated.py pylint --disable=all --enable=F,unreachable,duplicate-key,unnecessary-semicolon,global-variable-not-assigned,unused-variable,unused-wildcard-import,binary-op-exception,bad-format-string,anomalous-backslash-in-string,bad-open-mode,E0001,E0011,E0012,E0100,E0101,E0102,E0103,E0104,E0105,E0107,E0108,E0110,E0111,E0112,E0113,E0114,E0115,E0116,E0117,E0118,E0202,E0203,E0211,E0213,E0236,E0237,E0238,E0239,E0240,E0241,E0301,E0302,E0303,E0401,E0402,E0601,E0602,E0603,E0604,E0611,E0632,E0633,E0701,E0702,E0703,E0704,E0710,E0711,E0712,E1003,E1101,E1102,E1111,E1120,E1121,E1123,E1124,E1125,E1126,E1127,E1128,E1129,E1130,E1131,E1132,E1133,E1134,E1135,E1136,E1137,E1138,E1139,E1200,E1201,E1205,E1206,E1300,E1301,E1302,E1303,E1304,E1305,E1306,E1310,E1700,E1701 --msg-template='{line},{column},{category},{symbol}:{msg}' --reports=n --output-format=text ~/Documents/projects/helloworld/pages/views.py
cwd: ~/Documents/projects/helloworld
> /usr/bin/python ~/.vscode-oss/extensions/ms-python.python-2020.10.332292344/pythonFiles/pyvsc-run-isolated.py pylint --disable=all --enable=F,unreachable,duplicate-key,unnecessary-semicolon,global-variable-not-assigned,unused-variable,unused-wildcard-import,binary-op-exception,bad-format-string,anomalous-backslash-in-string,bad-open-mode,E0001,E0011,E0012,E0100,E0101,E0102,E0103,E0104,E0105,E0107,E0108,E0110,E0111,E0112,E0113,E0114,E0115,E0116,E0117,E0118,E0202,E0203,E0211,E0213,E0236,E0237,E0238,E0239,E0240,E0241,E0301,E0302,E0303,E0401,E0402,E0601,E0602,E0603,E0604,E0611,E0632,E0633,E0701,E0702,E0703,E0704,E0710,E0711,E0712,E1003,E1101,E1102,E1111,E1120,E1121,E1123,E1124,E1125,E1126,E1127,E1128,E1129,E1130,E1131,E1132,E1133,E1134,E1135,E1136,E1137,E1138,E1139,E1200,E1201,E1205,E1206,E1300,E1301,E1302,E1303,E1304,E1305,E1306,E1310,E1700,E1701 --msg-template='{line},{column},{category},{symbol}:{msg}' --reports=n --output-format=text ~/Documents/projects/helloworld/pages/views.py
cwd: ~/Documents/projects/helloworld
##########Linting Output - pylint##########
************* Module pages.views
3,0,error,import-error:Unable to import 'django.http'

------------------------------------
Your code has been rated at -6.67/10

> /usr/bin/python ~/.vscode-oss/extensions/ms-python.python-2020.10.332292344/pythonFiles/pyvsc-run-isolated.py pylint --disable=all --enable=F,unreachable,duplicate-key,unnecessary-semicolon,global-variable-not-assigned,unused-variable,unused-wildcard-import,binary-op-exception,bad-format-string,anomalous-backslash-in-string,bad-open-mode,E0001,E0011,E0012,E0100,E0101,E0102,E0103,E0104,E0105,E0107,E0108,E0110,E0111,E0112,E0113,E0114,E0115,E0116,E0117,E0118,E0202,E0203,E0211,E0213,E0236,E0237,E0238,E0239,E0240,E0241,E0301,E0302,E0303,E0401,E0402,E0601,E0602,E0603,E0604,E0611,E0632,E0633,E0701,E0702,E0703,E0704,E0710,E0711,E0712,E1003,E1101,E1102,E1111,E1120,E1121,E1123,E1124,E1125,E1126,E1127,E1128,E1129,E1130,E1131,E1132,E1133,E1134,E1135,E1136,E1137,E1138,E1139,E1200,E1201,E1205,E1206,E1300,E1301,E1302,E1303,E1304,E1305,E1306,E1310,E1700,E1701 --msg-template='{line},{column},{category},{symbol}:{msg}' --reports=n --output-format=text ~/Documents/projects/helloworld/config/urls.py
cwd: ~/Documents/projects/helloworld
> /usr/bin/python ~/.vscode-oss/extensions/ms-python.python-2020.10.332292344/pythonFiles/pyvsc-run-isolated.py pylint --disable=all --enable=F,unreachable,duplicate-key,unnecessary-semicolon,global-variable-not-assigned,unused-variable,unused-wildcard-import,binary-op-exception,bad-format-string,anomalous-backslash-in-string,bad-open-mode,E0001,E0011,E0012,E0100,E0101,E0102,E0103,E0104,E0105,E0107,E0108,E0110,E0111,E0112,E0113,E0114,E0115,E0116,E0117,E0118,E0202,E0203,E0211,E0213,E0236,E0237,E0238,E0239,E0240,E0241,E0301,E0302,E0303,E0401,E0402,E0601,E0602,E0603,E0604,E0611,E0632,E0633,E0701,E0702,E0703,E0704,E0710,E0711,E0712,E1003,E1101,E1102,E1111,E1120,E1121,E1123,E1124,E1125,E1126,E1127,E1128,E1129,E1130,E1131,E1132,E1133,E1134,E1135,E1136,E1137,E1138,E1139,E1200,E1201,E1205,E1206,E1300,E1301,E1302,E1303,E1304,E1305,E1306,E1310,E1700,E1701 --msg-template='{line},{column},{category},{symbol}:{msg}' --reports=n --output-format=text ~/Documents/projects/helloworld/config/urls.py
cwd: ~/Documents/projects/helloworld
Error 2021-01-07 23:09:02: stderr jediProxy Error (stderr) /home/jochimin/.vscode-oss/extensions/ms-python.python-2020.10.332292344/pythonFiles/completion.py:584: DeprecationWarning: Deprecated since version 0.16.0. Use Script(...).get_names instead.
  jedi.api.names(

##########Linting Output - pylint##########
************* Module config.urls
22,1,error,syntax-error:closing parenthesis ']' does not match opening parenthesis '(' on line 21 (<unknown>, line 22)
Error 2021-01-07 23:09:12: stderr jediProxy Error (stderr) /home/jochimin/.vscode-oss/extensions/ms-python.python-2020.10.332292344/pythonFiles/completion.py:592: DeprecationWarning: Providing the line is now done in the functions themselves like `Script(...).complete(line, column)`
  script = jedi.Script(
/home/jochimin/.vscode-oss/extensions/ms-python.python-2020.10.332292344/pythonFiles/completion.py:592: DeprecationWarning: Providing the column is now done in the functions themselves like `Script(...).complete(line, column)`
  script = jedi.Script(
/home/jochimin/.vscode-oss/extensions/ms-python.python-2020.10.332292344/pythonFiles/completion.py:592: DeprecationWarning: Use the code keyword argument instead.
  script = jedi.Script(

Error 2021-01-07 23:09:12: stderr jediProxy Error (stderr) /home/jochimin/.vscode-oss/extensions/ms-python.python-2020.10.332292344/pythonFiles/completion.py:592: DeprecationWarning: Deprecated since version 0.17.0. Use the project API instead, which means Script(project=Project(dir, sys_path=sys_path)) instead.
  script = jedi.Script(

Error 2021-01-07 23:09:12: stderr jediProxy Error (stderr) /home/jochimin/.vscode-oss/extensions/ms-python.python-2020.10.332292344/pythonFiles/completion.py:144: DeprecationWarning: Deprecated since version 0.16.0. Use Script(...).get_signatures instead.
  call_signatures = script.call_signatures()

> /usr/bin/python ~/.vscode-oss/extensions/ms-python.python-2020.10.332292344/pythonFiles/pyvsc-run-isolated.py pylint --disable=all --enable=F,unreachable,duplicate-key,unnecessary-semicolon,global-variable-not-assigned,unused-variable,unused-wildcard-import,binary-op-exception,bad-format-string,anomalous-backslash-in-string,bad-open-mode,E0001,E0011,E0012,E0100,E0101,E0102,E0103,E0104,E0105,E0107,E0108,E0110,E0111,E0112,E0113,E0114,E0115,E0116,E0117,E0118,E0202,E0203,E0211,E0213,E0236,E0237,E0238,E0239,E0240,E0241,E0301,E0302,E0303,E0401,E0402,E0601,E0602,E0603,E0604,E0611,E0632,E0633,E0701,E0702,E0703,E0704,E0710,E0711,E0712,E1003,E1101,E1102,E1111,E1120,E1121,E1123,E1124,E1125,E1126,E1127,E1128,E1129,E1130,E1131,E1132,E1133,E1134,E1135,E1136,E1137,E1138,E1139,E1200,E1201,E1205,E1206,E1300,E1301,E1302,E1303,E1304,E1305,E1306,E1310,E1700,E1701 --msg-template='{line},{column},{category},{symbol}:{msg}' --reports=n --output-format=text ~/Documents/projects/helloworld/config/urls.py
cwd: ~/Documents/projects/helloworld
> /usr/bin/python ~/.vscode-oss/extensions/ms-python.python-2020.10.332292344/pythonFiles/pyvsc-run-isolated.py pylint --disable=all --enable=F,unreachable,duplicate-key,unnecessary-semicolon,global-variable-not-assigned,unused-variable,unused-wildcard-import,binary-op-exception,bad-format-string,anomalous-backslash-in-string,bad-open-mode,E0001,E0011,E0012,E0100,E0101,E0102,E0103,E0104,E0105,E0107,E0108,E0110,E0111,E0112,E0113,E0114,E0115,E0116,E0117,E0118,E0202,E0203,E0211,E0213,E0236,E0237,E0238,E0239,E0240,E0241,E0301,E0302,E0303,E0401,E0402,E0601,E0602,E0603,E0604,E0611,E0632,E0633,E0701,E0702,E0703,E0704,E0710,E0711,E0712,E1003,E1101,E1102,E1111,E1120,E1121,E1123,E1124,E1125,E1126,E1127,E1128,E1129,E1130,E1131,E1132,E1133,E1134,E1135,E1136,E1137,E1138,E1139,E1200,E1201,E1205,E1206,E1300,E1301,E1302,E1303,E1304,E1305,E1306,E1310,E1700,E1701 --msg-template='{line},{column},{category},{symbol}:{msg}' --reports=n --output-format=text ~/Documents/projects/helloworld/config/urls.py
cwd: ~/Documents/projects/helloworld
##########Linting Output - pylint##########
************* Module config.urls
16,0,error,import-error:Unable to import 'django.contrib'
17,0,error,import-error:Unable to import 'django.urls'

---------------------------------------------------------------------
Your code has been rated at -23.33/10 (previous run: 6.67/10, -30.00)

Error 2021-01-07 23:09:24: stderr jediProxy Error (stderr) /home/jochimin/.vscode-oss/extensions/ms-python.python-2020.10.332292344/pythonFiles/completion.py:592: DeprecationWarning: Providing the line is now done in the functions themselves like `Script(...).complete(line, column)`
  script = jedi.Script(
/home/jochimin/.vscode-oss/extensions/ms-python.python-2020.10.332292344/pythonFiles/completion.py:592: DeprecationWarning: Providing the column is now done in the functions themselves like `Script(...).complete(line, column)`
  script = jedi.Script(

Error 2021-01-07 23:09:24: stderr jediProxy Error (stderr) /home/jochimin/.vscode-oss/extensions/ms-python.python-2020.10.332292344/pythonFiles/completion.py:592: DeprecationWarning: Deprecated since version 0.17.0. Use the project API instead, which means Script(project=Project(dir, sys_path=sys_path)) instead.
  script = jedi.Script(
/home/jochimin/.vscode-oss/extensions/ms-python.python-2020.10.332292344/pythonFiles/completion.py:626: DeprecationWarning: Deprecated since version 0.16.0. Use Script(...).infer instead.
  script.goto_definitions(), request["id"]

> pipenv --version
cwd: ~/Documents/projects/helloworld
> pipenv --venv
cwd: ~/Documents/projects/helloworld
> pipenv --py
cwd: ~/Documents/projects/helloworld
> ~/.local/share/virtualenvs/django-Zs2auehH/bin/python ~/.vscode-oss/extensions/ms-python.python-2020.10.332292344/pythonFiles/pyvsc-run-isolated.py pip --version
Starting Jedi Python language engine.
Python interpreter path: ~/.local/share/virtualenvs/django-Zs2auehH/bin/python
> ~/.local/share/virtualenvs/django-Zs2auehH/bin/python ~/.vscode-oss/extensions/ms-python.python-2020.10.332292344/pythonFiles/pyvsc-run-isolated.py pylint --disable=all --enable=F,unreachable,duplicate-key,unnecessary-semicolon,global-variable-not-assigned,unused-variable,unused-wildcard-import,binary-op-exception,bad-format-string,anomalous-backslash-in-string,bad-open-mode,E0001,E0011,E0012,E0100,E0101,E0102,E0103,E0104,E0105,E0107,E0108,E0110,E0111,E0112,E0113,E0114,E0115,E0116,E0117,E0118,E0202,E0203,E0211,E0213,E0236,E0237,E0238,E0239,E0240,E0241,E0301,E0302,E0303,E0401,E0402,E0601,E0602,E0603,E0604,E0611,E0632,E0633,E0701,E0702,E0703,E0704,E0710,E0711,E0712,E1003,E1101,E1102,E1111,E1120,E1121,E1123,E1124,E1125,E1126,E1127,E1128,E1129,E1130,E1131,E1132,E1133,E1134,E1135,E1136,E1137,E1138,E1139,E1200,E1201,E1205,E1206,E1300,E1301,E1302,E1303,E1304,E1305,E1306,E1310,E1700,E1701 --msg-template='{line},{column},{category},{symbol}:{msg}' --reports=n --output-format=text ~/Documents/projects/helloworld/config/urls.py
cwd: ~/Documents/projects/helloworld
> ~/.local/share/virtualenvs/django-Zs2auehH/bin/python ~/.vscode-oss/extensions/ms-python.python-2020.10.332292344/pythonFiles/pyvsc-run-isolated.py pylint --disable=all --enable=F,unreachable,duplicate-key,unnecessary-semicolon,global-variable-not-assigned,unused-variable,unused-wildcard-import,binary-op-exception,bad-format-string,anomalous-backslash-in-string,bad-open-mode,E0001,E0011,E0012,E0100,E0101,E0102,E0103,E0104,E0105,E0107,E0108,E0110,E0111,E0112,E0113,E0114,E0115,E0116,E0117,E0118,E0202,E0203,E0211,E0213,E0236,E0237,E0238,E0239,E0240,E0241,E0301,E0302,E0303,E0401,E0402,E0601,E0602,E0603,E0604,E0611,E0632,E0633,E0701,E0702,E0703,E0704,E0710,E0711,E0712,E1003,E1101,E1102,E1111,E1120,E1121,E1123,E1124,E1125,E1126,E1127,E1128,E1129,E1130,E1131,E1132,E1133,E1134,E1135,E1136,E1137,E1138,E1139,E1200,E1201,E1205,E1206,E1300,E1301,E1302,E1303,E1304,E1305,E1306,E1310,E1700,E1701 --msg-template='{line},{column},{category},{symbol}:{msg}' --reports=n --output-format=text ~/Documents/projects/helloworld/config/urls.py
cwd: ~/Documents/projects/helloworld
> ~/.local/share/virtualenvs/django-Zs2auehH/bin/python ~/.vscode-oss/extensions/ms-python.python-2020.10.332292344/pythonFiles/pyvsc-run-isolated.py pylint --disable=all --enable=F,unreachable,duplicate-key,unnecessary-semicolon,global-variable-not-assigned,unused-variable,unused-wildcard-import,binary-op-exception,bad-format-string,anomalous-backslash-in-string,bad-open-mode,E0001,E0011,E0012,E0100,E0101,E0102,E0103,E0104,E0105,E0107,E0108,E0110,E0111,E0112,E0113,E0114,E0115,E0116,E0117,E0118,E0202,E0203,E0211,E0213,E0236,E0237,E0238,E0239,E0240,E0241,E0301,E0302,E0303,E0401,E0402,E0601,E0602,E0603,E0604,E0611,E0632,E0633,E0701,E0702,E0703,E0704,E0710,E0711,E0712,E1003,E1101,E1102,E1111,E1120,E1121,E1123,E1124,E1125,E1126,E1127,E1128,E1129,E1130,E1131,E1132,E1133,E1134,E1135,E1136,E1137,E1138,E1139,E1200,E1201,E1205,E1206,E1300,E1301,E1302,E1303,E1304,E1305,E1306,E1310,E1700,E1701 --msg-template='{line},{column},{category},{symbol}:{msg}' --reports=n --output-format=text ~/Documents/projects/helloworld/pages/views.py
cwd: ~/Documents/projects/helloworld
> ~/.local/share/virtualenvs/django-Zs2auehH/bin/python ~/.vscode-oss/extensions/ms-python.python-2020.10.332292344/pythonFiles/pyvsc-run-isolated.py pylint --disable=all --enable=F,unreachable,duplicate-key,unnecessary-semicolon,global-variable-not-assigned,unused-variable,unused-wildcard-import,binary-op-exception,bad-format-string,anomalous-backslash-in-string,bad-open-mode,E0001,E0011,E0012,E0100,E0101,E0102,E0103,E0104,E0105,E0107,E0108,E0110,E0111,E0112,E0113,E0114,E0115,E0116,E0117,E0118,E0202,E0203,E0211,E0213,E0236,E0237,E0238,E0239,E0240,E0241,E0301,E0302,E0303,E0401,E0402,E0601,E0602,E0603,E0604,E0611,E0632,E0633,E0701,E0702,E0703,E0704,E0710,E0711,E0712,E1003,E1101,E1102,E1111,E1120,E1121,E1123,E1124,E1125,E1126,E1127,E1128,E1129,E1130,E1131,E1132,E1133,E1134,E1135,E1136,E1137,E1138,E1139,E1200,E1201,E1205,E1206,E1300,E1301,E1302,E1303,E1304,E1305,E1306,E1310,E1700,E1701 --msg-template='{line},{column},{category},{symbol}:{msg}' --reports=n --output-format=text ~/Documents/projects/helloworld/pages/views.py
cwd: ~/Documents/projects/helloworld
> ~/.local/share/virtualenvs/django-Zs2auehH/bin/python ~/.vscode-oss/extensions/ms-python.python-2020.10.332292344/pythonFiles/pyvsc-run-isolated.py -c "import sys;print(sys.prefix)"
cwd: ~/Documents/projects/helloworld
> ~/.local/share/virtualenvs/django-Zs2auehH/bin/python ~/.vscode-oss/extensions/ms-python.python-2020.10.332292344/pythonFiles/pyvsc-run-isolated.py -c "import sys;print(sys.prefix)"
cwd: ~/Documents/projects/helloworld
> ~/.local/share/virtualenvs/django-Zs2auehH/bin/python ~/.vscode-oss/extensions/ms-python.python-2020.10.332292344/pythonFiles/pyvsc-run-isolated.py -c "import sys;print(sys.executable)"
cwd: ~/Documents/projects/helloworld
> ~/.local/share/virtualenvs/django-Zs2auehH/bin/python ~/.vscode-oss/extensions/ms-python.python-2020.10.332292344/pythonFiles/pyvsc-run-isolated.py -c "import sys;print(sys.executable)"
cwd: ~/Documents/projects/helloworld
> ~/.local/share/virtualenvs/django-Zs2auehH/bin/python ~/.vscode-oss/extensions/ms-python.python-2020.10.332292344/pythonFiles/pyvsc-run-isolated.py -c "from distutils.sysconfig import get_python_lib; print(get_python_lib())"
cwd: ~/Documents/projects/helloworld
> ~/.local/share/virtualenvs/django-Zs2auehH/bin/python ~/.vscode-oss/extensions/ms-python.python-2020.10.332292344/pythonFiles/pyvsc-run-isolated.py -c "from distutils.sysconfig import get_python_lib; print(get_python_lib())"
cwd: ~/Documents/projects/helloworld
> ~/.local/share/virtualenvs/django-Zs2auehH/bin/python ~/.vscode-oss/extensions/ms-python.python-2020.10.332292344/pythonFiles/pyvsc-run-isolated.py site --user-site
cwd: ~/Documents/projects/helloworld
> ~/.local/share/virtualenvs/django-Zs2auehH/bin/python ~/.vscode-oss/extensions/ms-python.python-2020.10.332292344/pythonFiles/pyvsc-run-isolated.py site --user-site
cwd: ~/Documents/projects/helloworld
> ~/.local/share/virtualenvs/django-Zs2auehH/bin/python ~/.vscode-oss/extensions/ms-python.python-2020.10.332292344/pythonFiles/pyvsc-run-isolated.py ~/.vscode-oss/extensions/ms-python.python-2020.10.332292344/pythonFiles/completion.py
> ~/.local/share/virtualenvs/django-Zs2auehH/bin/python ~/.vscode-oss/extensions/ms-python.python-2020.10.332292344/pythonFiles/pyvsc-run-isolated.py ~/.vscode-oss/extensions/ms-python.python-2020.10.332292344/pythonFiles/completion.py
Error 2021-01-07 23:09:33: stderr jediProxy Error (stderr) /home/jochimin/.vscode-oss/extensions/ms-python.python-2020.10.332292344/pythonFiles/completion.py:584: DeprecationWarning: Deprecated since version 0.16.0. Use Script(...).get_names instead.
  jedi.api.names(

##########Linting Output - pylint##########

---------------------------------------------------------------------
Your code has been rated at 10.00/10 (previous run: -6.67/10, +16.67)

##########Linting Output - pylint##########

----------------------------------------------------------------------
Your code has been rated at 10.00/10 (previous run: -23.33/10, +33.33)

> ~/.local/share/virtualenvs/django-Zs2auehH/bin/python ~/.vscode-oss/extensions/ms-python.python-2020.10.332292344/pythonFiles/pyvsc-run-isolated.py pylint --disable=all --enable=F,unreachable,duplicate-key,unnecessary-semicolon,global-variable-not-assigned,unused-variable,unused-wildcard-import,binary-op-exception,bad-format-string,anomalous-backslash-in-string,bad-open-mode,E0001,E0011,E0012,E0100,E0101,E0102,E0103,E0104,E0105,E0107,E0108,E0110,E0111,E0112,E0113,E0114,E0115,E0116,E0117,E0118,E0202,E0203,E0211,E0213,E0236,E0237,E0238,E0239,E0240,E0241,E0301,E0302,E0303,E0401,E0402,E0601,E0602,E0603,E0604,E0611,E0632,E0633,E0701,E0702,E0703,E0704,E0710,E0711,E0712,E1003,E1101,E1102,E1111,E1120,E1121,E1123,E1124,E1125,E1126,E1127,E1128,E1129,E1130,E1131,E1132,E1133,E1134,E1135,E1136,E1137,E1138,E1139,E1200,E1201,E1205,E1206,E1300,E1301,E1302,E1303,E1304,E1305,E1306,E1310,E1700,E1701 --msg-template='{line},{column},{category},{symbol}:{msg}' --reports=n --output-format=text ~/Documents/projects/helloworld/pages/views.py
cwd: ~/Documents/projects/helloworld
> ~/.local/share/virtualenvs/django-Zs2auehH/bin/python ~/.vscode-oss/extensions/ms-python.python-2020.10.332292344/pythonFiles/pyvsc-run-isolated.py pylint --disable=all --enable=F,unreachable,duplicate-key,unnecessary-semicolon,global-variable-not-assigned,unused-variable,unused-wildcard-import,binary-op-exception,bad-format-string,anomalous-backslash-in-string,bad-open-mode,E0001,E0011,E0012,E0100,E0101,E0102,E0103,E0104,E0105,E0107,E0108,E0110,E0111,E0112,E0113,E0114,E0115,E0116,E0117,E0118,E0202,E0203,E0211,E0213,E0236,E0237,E0238,E0239,E0240,E0241,E0301,E0302,E0303,E0401,E0402,E0601,E0602,E0603,E0604,E0611,E0632,E0633,E0701,E0702,E0703,E0704,E0710,E0711,E0712,E1003,E1101,E1102,E1111,E1120,E1121,E1123,E1124,E1125,E1126,E1127,E1128,E1129,E1130,E1131,E1132,E1133,E1134,E1135,E1136,E1137,E1138,E1139,E1200,E1201,E1205,E1206,E1300,E1301,E1302,E1303,E1304,E1305,E1306,E1310,E1700,E1701 --msg-template='{line},{column},{category},{symbol}:{msg}' --reports=n --output-format=text ~/Documents/projects/helloworld/pages/views.py
cwd: ~/Documents/projects/helloworld
##########Linting Output - pylint##########

--------------------------------------------------------------------
Your code has been rated at 10.00/10 (previous run: 10.00/10, +0.00)

Error 2021-01-07 23:10:13: stderr jediProxy Error (stderr) /home/jochimin/.vscode-oss/extensions/ms-python.python-2020.10.332292344/pythonFiles/completion.py:584: DeprecationWarning: Deprecated since version 0.16.0. Use Script(...).get_names instead.
  jedi.api.names(

Error 2021-01-07 23:13:43: stderr jediProxy Error (stderr) /home/jochimin/.vscode-oss/extensions/ms-python.python-2020.10.332292344/pythonFiles/completion.py:592: DeprecationWarning: Providing the line is now done in the functions themselves like `Script(...).complete(line, column)`
  script = jedi.Script(
/home/jochimin/.vscode-oss/extensions/ms-python.python-2020.10.332292344/pythonFiles/completion.py:592: DeprecationWarning: Providing the column is now done in the functions themselves like `Script(...).complete(line, column)`
  script = jedi.Script(

Error 2021-01-07 23:13:43: stderr jediProxy Error (stderr) /home/jochimin/.vscode-oss/extensions/ms-python.python-2020.10.332292344/pythonFiles/completion.py:592: DeprecationWarning: Deprecated since version 0.17.0. Use the project API instead, which means Script(project=Project(dir, sys_path=sys_path)) instead.
  script = jedi.Script(
/home/jochimin/.vscode-oss/extensions/ms-python.python-2020.10.332292344/pythonFiles/completion.py:626: DeprecationWarning: Deprecated since version 0.16.0. Use Script(...).infer instead.
  script.goto_definitions(), request["id"]

Error 2021-01-07 23:13:49: stderr jediProxy Error (stderr) /home/jochimin/.vscode-oss/extensions/ms-python.python-2020.10.332292344/pythonFiles/completion.py:584: DeprecationWarning: Deprecated since version 0.16.0. Use Script(...).get_names instead.
  jedi.api.names(

> ~/.local/share/virtualenvs/django-Zs2auehH/bin/python ~/.vscode-oss/extensions/ms-python.python-2020.10.332292344/pythonFiles/pyvsc-run-isolated.py pylint --disable=all --enable=F,unreachable,duplicate-key,unnecessary-semicolon,global-variable-not-assigned,unused-variable,unused-wildcard-import,binary-op-exception,bad-format-string,anomalous-backslash-in-string,bad-open-mode,E0001,E0011,E0012,E0100,E0101,E0102,E0103,E0104,E0105,E0107,E0108,E0110,E0111,E0112,E0113,E0114,E0115,E0116,E0117,E0118,E0202,E0203,E0211,E0213,E0236,E0237,E0238,E0239,E0240,E0241,E0301,E0302,E0303,E0401,E0402,E0601,E0602,E0603,E0604,E0611,E0632,E0633,E0701,E0702,E0703,E0704,E0710,E0711,E0712,E1003,E1101,E1102,E1111,E1120,E1121,E1123,E1124,E1125,E1126,E1127,E1128,E1129,E1130,E1131,E1132,E1133,E1134,E1135,E1136,E1137,E1138,E1139,E1200,E1201,E1205,E1206,E1300,E1301,E1302,E1303,E1304,E1305,E1306,E1310,E1700,E1701 --msg-template='{line},{column},{category},{symbol}:{msg}' --reports=n --output-format=text ~/Documents/projects/helloworld/pages/urls.py
cwd: ~/Documents/projects/helloworld
> ~/.local/share/virtualenvs/django-Zs2auehH/bin/python ~/.vscode-oss/extensions/ms-python.python-2020.10.332292344/pythonFiles/pyvsc-run-isolated.py pylint --disable=all --enable=F,unreachable,duplicate-key,unnecessary-semicolon,global-variable-not-assigned,unused-variable,unused-wildcard-import,binary-op-exception,bad-format-string,anomalous-backslash-in-string,bad-open-mode,E0001,E0011,E0012,E0100,E0101,E0102,E0103,E0104,E0105,E0107,E0108,E0110,E0111,E0112,E0113,E0114,E0115,E0116,E0117,E0118,E0202,E0203,E0211,E0213,E0236,E0237,E0238,E0239,E0240,E0241,E0301,E0302,E0303,E0401,E0402,E0601,E0602,E0603,E0604,E0611,E0632,E0633,E0701,E0702,E0703,E0704,E0710,E0711,E0712,E1003,E1101,E1102,E1111,E1120,E1121,E1123,E1124,E1125,E1126,E1127,E1128,E1129,E1130,E1131,E1132,E1133,E1134,E1135,E1136,E1137,E1138,E1139,E1200,E1201,E1205,E1206,E1300,E1301,E1302,E1303,E1304,E1305,E1306,E1310,E1700,E1701 --msg-template='{line},{column},{category},{symbol}:{msg}' --reports=n --output-format=text ~/Documents/projects/helloworld/pages/urls.py
cwd: ~/Documents/projects/helloworld
##########Linting Output - pylint##########
************* Module pages.urls
5,31,error,undefined-variable:Undefined variable 'name'

------------------------------------
Your code has been rated at -6.67/10

> ~/.local/share/virtualenvs/django-Zs2auehH/bin/python ~/.vscode-oss/extensions/ms-python.python-2020.10.332292344/pythonFiles/pyvsc-run-isolated.py pylint --disable=all --enable=F,unreachable,duplicate-key,unnecessary-semicolon,global-variable-not-assigned,unused-variable,unused-wildcard-import,binary-op-exception,bad-format-string,anomalous-backslash-in-string,bad-open-mode,E0001,E0011,E0012,E0100,E0101,E0102,E0103,E0104,E0105,E0107,E0108,E0110,E0111,E0112,E0113,E0114,E0115,E0116,E0117,E0118,E0202,E0203,E0211,E0213,E0236,E0237,E0238,E0239,E0240,E0241,E0301,E0302,E0303,E0401,E0402,E0601,E0602,E0603,E0604,E0611,E0632,E0633,E0701,E0702,E0703,E0704,E0710,E0711,E0712,E1003,E1101,E1102,E1111,E1120,E1121,E1123,E1124,E1125,E1126,E1127,E1128,E1129,E1130,E1131,E1132,E1133,E1134,E1135,E1136,E1137,E1138,E1139,E1200,E1201,E1205,E1206,E1300,E1301,E1302,E1303,E1304,E1305,E1306,E1310,E1700,E1701 --msg-template='{line},{column},{category},{symbol}:{msg}' --reports=n --output-format=text ~/Documents/projects/helloworld/pages/urls.py
cwd: ~/Documents/projects/helloworld
> ~/.local/share/virtualenvs/django-Zs2auehH/bin/python ~/.vscode-oss/extensions/ms-python.python-2020.10.332292344/pythonFiles/pyvsc-run-isolated.py pylint --disable=all --enable=F,unreachable,duplicate-key,unnecessary-semicolon,global-variable-not-assigned,unused-variable,unused-wildcard-import,binary-op-exception,bad-format-string,anomalous-backslash-in-string,bad-open-mode,E0001,E0011,E0012,E0100,E0101,E0102,E0103,E0104,E0105,E0107,E0108,E0110,E0111,E0112,E0113,E0114,E0115,E0116,E0117,E0118,E0202,E0203,E0211,E0213,E0236,E0237,E0238,E0239,E0240,E0241,E0301,E0302,E0303,E0401,E0402,E0601,E0602,E0603,E0604,E0611,E0632,E0633,E0701,E0702,E0703,E0704,E0710,E0711,E0712,E1003,E1101,E1102,E1111,E1120,E1121,E1123,E1124,E1125,E1126,E1127,E1128,E1129,E1130,E1131,E1132,E1133,E1134,E1135,E1136,E1137,E1138,E1139,E1200,E1201,E1205,E1206,E1300,E1301,E1302,E1303,E1304,E1305,E1306,E1310,E1700,E1701 --msg-template='{line},{column},{category},{symbol}:{msg}' --reports=n --output-format=text ~/Documents/projects/helloworld/pages/urls.py
cwd: ~/Documents/projects/helloworld
##########Linting Output - pylint##########

---------------------------------------------------------------------
Your code has been rated at 10.00/10 (previous run: -6.67/10, +16.67)

Error 2021-01-07 23:14:27: stderr jediProxy Error (stderr) /home/jochimin/.vscode-oss/extensions/ms-python.python-2020.10.332292344/pythonFiles/completion.py:592: DeprecationWarning: Providing the line is now done in the functions themselves like `Script(...).complete(line, column)`
  script = jedi.Script(

Error 2021-01-07 23:14:27: stderr jediProxy Error (stderr) /home/jochimin/.vscode-oss/extensions/ms-python.python-2020.10.332292344/pythonFiles/completion.py:592: DeprecationWarning: Providing the column is now done in the functions themselves like `Script(...).complete(line, column)`
  script = jedi.Script(
/home/jochimin/.vscode-oss/extensions/ms-python.python-2020.10.332292344/pythonFiles/completion.py:592: DeprecationWarning: Deprecated since version 0.17.0. Use the project API instead, which means Script(project=Project(dir, sys_path=sys_path)) instead.
  script = jedi.Script(

Error 2021-01-07 23:14:27: stderr jediProxy Error (stderr) /home/jochimin/.vscode-oss/extensions/ms-python.python-2020.10.332292344/pythonFiles/completion.py:626: DeprecationWarning: Deprecated since version 0.16.0. Use Script(...).infer instead.
  script.goto_definitions(), request["id"]

Error 2021-01-07 23:14:33: stderr jediProxy Error (stderr) /home/jochimin/.vscode-oss/extensions/ms-python.python-2020.10.332292344/pythonFiles/completion.py:592: DeprecationWarning: Providing the line is now done in the functions themselves like `Script(...).complete(line, column)`
  script = jedi.Script(
/home/jochimin/.vscode-oss/extensions/ms-python.python-2020.10.332292344/pythonFiles/completion.py:592: DeprecationWarning: Providing the column is now done in the functions themselves like `Script(...).complete(line, column)`
  script = jedi.Script(

Error 2021-01-07 23:14:33: stderr jediProxy Error (stderr) /home/jochimin/.vscode-oss/extensions/ms-python.python-2020.10.332292344/pythonFiles/completion.py:592: DeprecationWarning: Deprecated since version 0.17.0. Use the project API instead, which means Script(project=Project(dir, sys_path=sys_path)) instead.
  script = jedi.Script(
/home/jochimin/.vscode-oss/extensions/ms-python.python-2020.10.332292344/pythonFiles/completion.py:626: DeprecationWarning: Deprecated since version 0.16.0. Use Script(...).infer instead.
  script.goto_definitions(), request["id"]

Error 2021-01-07 23:14:45: stderr jediProxy Error (stderr) /home/jochimin/.vscode-oss/extensions/ms-python.python-2020.10.332292344/pythonFiles/completion.py:584: DeprecationWarning: Deprecated since version 0.16.0. Use Script(...).get_names instead.
  jedi.api.names(

Error 2021-01-07 23:14:46: stderr jediProxy Error (stderr) /home/jochimin/.vscode-oss/extensions/ms-python.python-2020.10.332292344/pythonFiles/completion.py:592: DeprecationWarning: Providing the line is now done in the functions themselves like `Script(...).complete(line, column)`
  script = jedi.Script(

Error 2021-01-07 23:14:46: stderr jediProxy Error (stderr) /home/jochimin/.vscode-oss/extensions/ms-python.python-2020.10.332292344/pythonFiles/completion.py:592: DeprecationWarning: Providing the column is now done in the functions themselves like `Script(...).complete(line, column)`
  script = jedi.Script(
/home/jochimin/.vscode-oss/extensions/ms-python.python-2020.10.332292344/pythonFiles/completion.py:592: DeprecationWarning: Deprecated since version 0.17.0. Use the project API instead, which means Script(project=Project(dir, sys_path=sys_path)) instead.
  script = jedi.Script(

Error 2021-01-07 23:14:46: stderr jediProxy Error (stderr) /home/jochimin/.vscode-oss/extensions/ms-python.python-2020.10.332292344/pythonFiles/completion.py:626: DeprecationWarning: Deprecated since version 0.16.0. Use Script(...).infer instead.
  script.goto_definitions(), request["id"]

Error 2021-01-07 23:14:55: stderr jediProxy Error (stderr) /home/jochimin/.vscode-oss/extensions/ms-python.python-2020.10.332292344/pythonFiles/completion.py:592: DeprecationWarning: Providing the line is now done in the functions themselves like `Script(...).complete(line, column)`
  script = jedi.Script(
/home/jochimin/.vscode-oss/extensions/ms-python.python-2020.10.332292344/pythonFiles/completion.py:592: DeprecationWarning: Providing the column is now done in the functions themselves like `Script(...).complete(line, column)`
  script = jedi.Script(

Error 2021-01-07 23:14:55: stderr jediProxy Error (stderr) /home/jochimin/.vscode-oss/extensions/ms-python.python-2020.10.332292344/pythonFiles/completion.py:592: DeprecationWarning: Deprecated since version 0.17.0. Use the project API instead, which means Script(project=Project(dir, sys_path=sys_path)) instead.
  script = jedi.Script(
/home/jochimin/.vscode-oss/extensions/ms-python.python-2020.10.332292344/pythonFiles/completion.py:626: DeprecationWarning: Deprecated since version 0.16.0. Use Script(...).infer instead.
  script.goto_definitions(), request["id"]

Error 2021-01-07 23:14:57: stderr jediProxy Error (stderr) /home/jochimin/.vscode-oss/extensions/ms-python.python-2020.10.332292344/pythonFiles/completion.py:592: DeprecationWarning: Providing the line is now done in the functions themselves like `Script(...).complete(line, column)`
  script = jedi.Script(
/home/jochimin/.vscode-oss/extensions/ms-python.python-2020.10.332292344/pythonFiles/completion.py:592: DeprecationWarning: Providing the column is now done in the functions themselves like `Script(...).complete(line, column)`
  script = jedi.Script(

Error 2021-01-07 23:14:57: stderr jediProxy Error (stderr) /home/jochimin/.vscode-oss/extensions/ms-python.python-2020.10.332292344/pythonFiles/completion.py:592: DeprecationWarning: Deprecated since version 0.17.0. Use the project API instead, which means Script(project=Project(dir, sys_path=sys_path)) instead.
  script = jedi.Script(
/home/jochimin/.vscode-oss/extensions/ms-python.python-2020.10.332292344/pythonFiles/completion.py:626: DeprecationWarning: Deprecated since version 0.16.0. Use Script(...).infer instead.
  script.goto_definitions(), request["id"]

Error 2021-01-07 23:15:04: stderr jediProxy Error (stderr) /home/jochimin/.vscode-oss/extensions/ms-python.python-2020.10.332292344/pythonFiles/completion.py:584: DeprecationWarning: Deprecated since version 0.16.0. Use Script(...).get_names instead.
  jedi.api.names(

> ~/.local/share/virtualenvs/django-Zs2auehH/bin/python ~/.vscode-oss/extensions/ms-python.python-2020.10.332292344/pythonFiles/pyvsc-run-isolated.py pylint --disable=all --enable=F,unreachable,duplicate-key,unnecessary-semicolon,global-variable-not-assigned,unused-variable,unused-wildcard-import,binary-op-exception,bad-format-string,anomalous-backslash-in-string,bad-open-mode,E0001,E0011,E0012,E0100,E0101,E0102,E0103,E0104,E0105,E0107,E0108,E0110,E0111,E0112,E0113,E0114,E0115,E0116,E0117,E0118,E0202,E0203,E0211,E0213,E0236,E0237,E0238,E0239,E0240,E0241,E0301,E0302,E0303,E0401,E0402,E0601,E0602,E0603,E0604,E0611,E0632,E0633,E0701,E0702,E0703,E0704,E0710,E0711,E0712,E1003,E1101,E1102,E1111,E1120,E1121,E1123,E1124,E1125,E1126,E1127,E1128,E1129,E1130,E1131,E1132,E1133,E1134,E1135,E1136,E1137,E1138,E1139,E1200,E1201,E1205,E1206,E1300,E1301,E1302,E1303,E1304,E1305,E1306,E1310,E1700,E1701 --msg-template='{line},{column},{category},{symbol}:{msg}' --reports=n --output-format=text ~/Documents/projects/helloworld/pages/views.py
cwd: ~/Documents/projects/helloworld
> ~/.local/share/virtualenvs/django-Zs2auehH/bin/python ~/.vscode-oss/extensions/ms-python.python-2020.10.332292344/pythonFiles/pyvsc-run-isolated.py pylint --disable=all --enable=F,unreachable,duplicate-key,unnecessary-semicolon,global-variable-not-assigned,unused-variable,unused-wildcard-import,binary-op-exception,bad-format-string,anomalous-backslash-in-string,bad-open-mode,E0001,E0011,E0012,E0100,E0101,E0102,E0103,E0104,E0105,E0107,E0108,E0110,E0111,E0112,E0113,E0114,E0115,E0116,E0117,E0118,E0202,E0203,E0211,E0213,E0236,E0237,E0238,E0239,E0240,E0241,E0301,E0302,E0303,E0401,E0402,E0601,E0602,E0603,E0604,E0611,E0632,E0633,E0701,E0702,E0703,E0704,E0710,E0711,E0712,E1003,E1101,E1102,E1111,E1120,E1121,E1123,E1124,E1125,E1126,E1127,E1128,E1129,E1130,E1131,E1132,E1133,E1134,E1135,E1136,E1137,E1138,E1139,E1200,E1201,E1205,E1206,E1300,E1301,E1302,E1303,E1304,E1305,E1306,E1310,E1700,E1701 --msg-template='{line},{column},{category},{symbol}:{msg}' --reports=n --output-format=text ~/Documents/projects/helloworld/pages/views.py
cwd: ~/Documents/projects/helloworld
##########Linting Output - pylint##########

--------------------------------------------------------------------
Your code has been rated at 10.00/10 (previous run: 10.00/10, +0.00)

