00:00:00.000975 main     VirtualBox XPCOM Server 6.1.16 r140961 linux.amd64 (Dec 15 2020 22:16:14) release log
00:00:00.000983 main     Log opened 2021-01-03T05:03:40.594455000Z
00:00:00.000985 main     Build Type: release
00:00:00.000991 main     OS Product: Linux
00:00:00.000996 main     OS Release: 5.9.14-arch1-1
00:00:00.001000 main     OS Version: #1 SMP PREEMPT Sat, 12 Dec 2020 14:37:12 +0000
00:00:00.001071 main     DMI Product Name: 20H1006DUS
00:00:00.001105 main     DMI Product Version: ThinkPad E470
00:00:00.001130 main     Firmware type: BIOS
00:00:00.001229 main     Host RAM: 31569MB (30.8GB) total, 27617MB (26.9GB) available
00:00:00.001239 main     Executable: /usr/lib/virtualbox/VBoxSVC
00:00:00.001240 main     Process ID: 225767
00:00:00.001242 main     Package type: LINUX_64BITS_GENERIC (OSE)
00:00:00.008083 main     IPC socket path: /tmp/.vbox-jochimin-ipc/ipcd
00:00:00.123556 nspr-2   VirtualBox: object creation starts
00:00:00.123819 nspr-2   Home directory: '/home/jochimin/.config/VirtualBox'
00:00:00.124344 nspr-2   Loading settings file "/home/jochimin/.config/VirtualBox/VirtualBox.xml" with version "1.12-linux"
00:00:00.131238 nspr-2   USB: Unknown USB device detected (idVendor: 0x0cf3, idProduct: 0xe500)
00:00:00.131695 nspr-2   Successfully initialised host USB using sysfs
00:00:00.158971 nspr-2   NetIfAdpCtlOut: VBoxNetAdpCtl: Error while retrieving link speed for wlp3s0: VBoxNetAdpCtl: ioctl failed: Operation not supported
00:00:00.160259 nspr-2   HostDnsMonitor: initializing
00:00:00.160894 nspr-2   NAT: resolv.conf: nameserver 148.103.0.73
00:00:00.160948 nspr-2   NAT: resolv.conf: nameserver 190.94.1.177
00:00:00.160987 nspr-2   HostDnsMonitor: updating information
00:00:00.161037 nspr-2   HostDnsMonitor: old information
00:00:00.161047 nspr-2     no server entries
00:00:00.161057 nspr-2     no domain set
00:00:00.161065 nspr-2     no search string entries
00:00:00.161074 nspr-2   HostDnsMonitor: new information
00:00:00.161082 nspr-2     server 1: 148.103.0.73
00:00:00.161093 nspr-2     server 2: 190.94.1.177
00:00:00.161102 nspr-2     no domain set
00:00:00.161110 nspr-2     no search string entries
00:00:00.168732 nspr-2   VD: VDInit finished with VINF_SUCCESS
00:00:00.169054 nspr-2   ERROR [COM]: aRC=NS_ERROR_FAILURE (0x80004005) aIID={027bc463-929c-40e8-bf16-fea557cd8e7e} aComponent={SystemPropertiesWrap} aText={Cannot determine default Guest Additions ISO location. Most likely they are not available}, preserve=false aResultDetail=0
00:00:00.186312 nspr-2   Loading settings file "/home/jochimin/VirtualBox VMs/KaliLinux/KaliLinux.vbox" with version "1.16-linux"
00:00:00.188782 nspr-2   Loading settings file "/home/jochimin/VirtualBox VMs/KaliLinux Clone/KaliLinux Clone.vbox" with version "1.16-linux"
00:00:00.190663 nspr-2   VirtualBox: object created
00:00:09.984699 nspr-4   Saving settings file "/home/jochimin/.config/VirtualBox/VirtualBox.xml" with version "1.12-linux"
00:07:26.363358 createClone Saving settings file "/home/jochimin/VirtualBox VMs/KaliLinux/KaliLinux.vbox" with version "1.16-linux"
00:07:26.472265 createClone Saving settings file "/home/jochimin/.config/VirtualBox/VirtualBox.xml" with version "1.12-linux"
00:07:26.541188 MachineClone Saving settings file "/home/jochimin/VirtualBox VMs/KaliLinux Clone/KaliLinux Clone.vbox" with version "1.16-linux"
00:07:27.117443 nspr-3   Saving settings file "/home/jochimin/.config/VirtualBox/VirtualBox.xml" with version "1.12-linux"
00:12:25.868139 nspr-3   Saving settings file "/home/jochimin/.config/VirtualBox/VirtualBox.xml" with version "1.12-linux"
00:12:25.971723 nspr-4   Saving settings file "/home/jochimin/.config/VirtualBox/VirtualBox.xml" with version "1.12-linux"
00:12:26.126281 nspr-3   Saving settings file "/home/jochimin/.config/VirtualBox/VirtualBox.xml" with version "1.12-linux"
00:12:26.195685 nspr-3   Saving settings file "/home/jochimin/.config/VirtualBox/VirtualBox.xml" with version "1.12-linux"
00:12:26.275091 nspr-3   Saving settings file "/home/jochimin/.config/VirtualBox/VirtualBox.xml" with version "1.12-linux"
00:12:32.368875 main     VirtualBox: object deletion starts
00:12:32.368931 main     ERROR [COM]: aRC=VBOX_E_OBJECT_IN_USE (0x80bb000c) aIID={ad47ad09-787b-44ab-b343-a082a3f2dfb1} aComponent={MediumWrap} aText={Medium '/home/jochimin/VirtualBox VMs/KaliLinux/KaliLinux.vdi' cannot be closed because it is still attached to 1 virtual machines}, preserve=false aResultDetail=0
00:12:32.369153 main     ERROR [COM]: aRC=VBOX_E_OBJECT_IN_USE (0x80bb000c) aIID={ad47ad09-787b-44ab-b343-a082a3f2dfb1} aComponent={MediumWrap} aText={Medium '/home/jochimin/VirtualBox VMs/KaliLinux Clone/KaliLinux Clone.vdi' cannot be closed because it is still attached to 1 virtual machines}, preserve=false aResultDetail=0
00:12:32.369673 main     HostDnsMonitor: shutting down ...
00:12:32.379508 main     HostDnsMonitor: shut down
00:12:32.408950 Watcher  ERROR [COM]: aRC=E_ACCESSDENIED (0x80070005) aIID={d0a0163f-e254-4e5b-a1f2-011cf991c38d} aComponent={VirtualBoxWrap} aText={The object is not ready}, preserve=false aResultDetail=0
00:12:37.396190 main     {00007f8ea0017150} HostPowerServiceLinux::~HostPowerServiceLinux: RTThreadWait() for 5000 ms failed with VERR_TIMEOUT
00:12:37.396448 main     VirtualBox: object deleted
